<?xml version="1.0" encoding="UTF-8"?>
<!-- Generated by org.testng.reporters.JUnitReportReporter -->
<testsuite skipped="0" hostname="AMIL5CG51708BG" name="com.qa.test.NewTest" tests="1" failures="0" timestamp="23 Oct 2018 09:28:37 GMT" time="1.686" errors="0">
  <testcase name="gettest" time="1.686" classname="com.qa.test.NewTest"/>
</testsuite> <!-- com.qa.test.NewTest -->
